Using pre-set license

 COMMAND LINE ARGUMENTS:
/Applications/Unity/Hub/Editor/2020.2.1f1/Unity.app/Contents/MacOS/Unity
-adb2
-batchMode
-noUpm
-name
AssetImportWorker0
-projectPath
/Users/shricharanks108/Github/ar-app
-logFile
Logs/AssetImportWorker0.log
-srvPort
56265
Successfully changed project path to: /Users/shricharanks108/Github/ar-app
/Users/shricharanks108/Github/ar-app
Using Asset Import Pipeline V2.
Refreshing native plugins compatible for Editor in 61.58 ms, found 1 plugins.
Preloading 0 native plugins for Editor in 0.00 ms.
Initialize engine version: 2020.2.1f1 (270dd8c3da1c)
[Subsystems] Discovering subsystems at path /Applications/Unity/Hub/Editor/2020.2.1f1/Unity.app/Contents/Resources/UnitySubsystems
[Subsystems] Discovering subsystems at path /Users/shricharanks108/Github/ar-app/Assets
GfxDevice: creating device client; threaded=0
2021-01-18 10:02:14.252 Unity[44697:1409533] Color LCD preferred device: Intel(R) Iris(TM) Plus Graphics 645 (low power)
2021-01-18 10:02:14.252 Unity[44697:1409533] Metal devices available: 1
2021-01-18 10:02:14.252 Unity[44697:1409533] 0: Intel(R) Iris(TM) Plus Graphics 645 (low power)
2021-01-18 10:02:14.253 Unity[44697:1409533] Using device Intel(R) Iris(TM) Plus Graphics 645 (low power)
Initializing Metal device caps: Intel(R) Iris(TM) Plus Graphics 645
Shader 'Universal Render Pipeline/Particles/Lit': fallback shader 'Universal Render Pipeline/Particles/SimpleLit' not found
Initialize mono
Mono path[0] = '/Applications/Unity/Hub/Editor/2020.2.1f1/Unity.app/Contents/Managed'
Mono path[1] = '/Applications/Unity/Hub/Editor/2020.2.1f1/Unity.app/Contents/MonoBleedingEdge/lib/mono/unityjit'
Mono config path = '/Applications/Unity/Hub/Editor/2020.2.1f1/Unity.app/Contents/MonoBleedingEdge/etc'
Using monoOptions --debugger-agent=transport=dt_socket,embedding=1,server=y,suspend=n,address=127.0.0.1:56697
Begin MonoManager ReloadAssembly
Registering precompiled unity dll's ...
Register platform support module: /Applications/Unity/Hub/Editor/2020.2.1f1/Unity.app/Contents/PlaybackEngines/MacStandaloneSupport/UnityEditor.OSXStandalone.Extensions.dll
Registered in 0.003755 seconds.
Native extension for OSXStandalone target not found
Refreshing native plugins compatible for Editor in 52.56 ms, found 1 plugins.
Preloading 0 native plugins for Editor in 0.00 ms.
Invoked RoslynAnalysisRunner static constructor.
RoslynAnalysisRunner will not be running.
RoslynAnalysisRunner has terminated.
Mono: successfully reloaded assembly
- Completed reload, in  2.544 seconds
Platform modules already initialized, skipping
Registering precompiled user dll's ...
Registered in 0.003052 seconds.
Begin MonoManager ReloadAssembly
Native extension for OSXStandalone target not found
Refreshing native plugins compatible for Editor in 54.17 ms, found 1 plugins.
Preloading 0 native plugins for Editor in 0.00 ms.
WARNING: RGBA Compressed ETC2 sRGB format is not supported, decompressing texture
WARNING: RGBA Compressed ETC2 sRGB format is not supported, decompressing texture
Invoked RoslynAnalysisRunner static constructor.
RoslynAnalysisRunner will not be running.
RoslynAnalysisRunner has terminated.
Mono: successfully reloaded assembly
- Completed reload, in  1.535 seconds
Platform modules already initialized, skipping
========================================================================
Worker process is ready to serve import requests
Shader 'Universal Render Pipeline/Particles/Lit': fallback shader 'Universal Render Pipeline/Particles/SimpleLit' not found
Launching external process: /Applications/Unity/Hub/Editor/2020.2.1f1/Unity.app/Contents/Tools/UnityShaderCompiler
Launched and connected shader compiler UnityShaderCompiler after 0.02 seconds
Refreshing native plugins compatible for Editor in 0.73 ms, found 1 plugins.
Preloading 0 native plugins for Editor in 0.00 ms.
Unloading 3137 Unused Serialized files (Serialized files now loaded: 0)
System memory in use before: 216.1 MB.
System memory in use after: 216.2 MB.

Unloading 103 unused Assets to reduce memory usage. Loaded Objects now: 3571.
Total: 3.840584 ms (FindLiveObjects: 0.488846 ms CreateObjectMapping: 0.251628 ms MarkObjects: 2.838784 ms  DeleteObjects: 0.259243 ms)

========================================================================
Received Import Request.
  path: Assets/Prefabs/SimObjects.prefab
  artifactKey: Guid(e45db4a1762bd40f8b0a339d5e4f6c66) Importer(815301076,1909f56bfc062723c751e8b465ee728b)
Start importing Assets/Prefabs/SimObjects.prefab using Guid(e45db4a1762bd40f8b0a339d5e4f6c66) Importer(815301076,1909f56bfc062723c751e8b465ee728b)  -> (artifact id: '988eb54a992dbb931b9dd0b602a434a9') in 1.101077 seconds
  Import took 1.108730 seconds .

========================================================================
Received Import Request.
  Time since last request: 0.000241 seconds.
  path: Assets/Prefabs/PlacementIndicator.prefab
  artifactKey: Guid(d570e0689032441e59d743fae060a376) Importer(815301076,1909f56bfc062723c751e8b465ee728b)
Start importing Assets/Prefabs/PlacementIndicator.prefab using Guid(d570e0689032441e59d743fae060a376) Importer(815301076,1909f56bfc062723c751e8b465ee728b)  -> (artifact id: '8c44bab429a7adc0a0b75ec101919316') in 0.012302 seconds
  Import took 0.018078 seconds .

========================================================================
Received Import Request.
  Time since last request: 0.000430 seconds.
  path: Assets/Prefabs/Prism.prefab
  artifactKey: Guid(34f55167d4a134c03b040a5ee77ea932) Importer(815301076,1909f56bfc062723c751e8b465ee728b)
Start importing Assets/Prefabs/Prism.prefab using Guid(34f55167d4a134c03b040a5ee77ea932) Importer(815301076,1909f56bfc062723c751e8b465ee728b)  -> (artifact id: '868aef06e1d427ea15e265620cae321f') in 0.010740 seconds
  Import took 0.019458 seconds .

========================================================================
Received Import Request.
  Time since last request: 0.000315 seconds.
  path: Assets/Prefabs/KinematicCube.prefab
  artifactKey: Guid(9fc5e2636cdd3444bbd35170b02df53b) Importer(815301076,1909f56bfc062723c751e8b465ee728b)
Start importing Assets/Prefabs/KinematicCube.prefab using Guid(9fc5e2636cdd3444bbd35170b02df53b) Importer(815301076,1909f56bfc062723c751e8b465ee728b)  -> (artifact id: '5deeb3978944fcb52f5f687aaa3b4fdb') in 0.018795 seconds
  Import took 0.025994 seconds .

========================================================================
Received Import Request.
  Time since last request: 0.000277 seconds.
  path: Assets/Prefabs/EventSystem.prefab
  artifactKey: Guid(fb15f11f7806a4d71b83d5fa1d228505) Importer(815301076,1909f56bfc062723c751e8b465ee728b)
Start importing Assets/Prefabs/EventSystem.prefab using Guid(fb15f11f7806a4d71b83d5fa1d228505) Importer(815301076,1909f56bfc062723c751e8b465ee728b)  -> (artifact id: 'f020b3247c070c958b71a3b3283922f6') in 0.007505 seconds
  Import took 0.013155 seconds .

========================================================================
Received Import Request.
  Time since last request: 0.000369 seconds.
  path: Assets/Prefabs/Cube.prefab
  artifactKey: Guid(b50aba6f03e264ee8b83bf3556bd871a) Importer(815301076,1909f56bfc062723c751e8b465ee728b)
Start importing Assets/Prefabs/Cube.prefab using Guid(b50aba6f03e264ee8b83bf3556bd871a) Importer(815301076,1909f56bfc062723c751e8b465ee728b)  -> (artifact id: 'c8ce85ac942739084a016aa409d5166d') in 0.019362 seconds
  Import took 0.025337 seconds .

========================================================================
Received Import Request.
  Time since last request: 0.000212 seconds.
  path: Assets/Prefabs/AR Default Plane.prefab
  artifactKey: Guid(e2b0b9f0d28b54760bffaff37f9b553a) Importer(815301076,1909f56bfc062723c751e8b465ee728b)
Start importing Assets/Prefabs/AR Default Plane.prefab using Guid(e2b0b9f0d28b54760bffaff37f9b553a) Importer(815301076,1909f56bfc062723c751e8b465ee728b)  -> (artifact id: 'bf39a2a205771e25cda1ef0a2d58d605') in 0.006655 seconds
  Import took 0.012276 seconds .

========================================================================
Received Import Request.
  Time since last request: 0.000211 seconds.
  path: Assets/Prefabs/CubeObject.prefab
  artifactKey: Guid(62476e835bcfb4def99ca424bbda2b02) Importer(815301076,1909f56bfc062723c751e8b465ee728b)
Start importing Assets/Prefabs/CubeObject.prefab using Guid(62476e835bcfb4def99ca424bbda2b02) Importer(815301076,1909f56bfc062723c751e8b465ee728b)  -> (artifact id: '78f9863015c9d63d9d7a09d8e82f247a') in 0.021614 seconds
  Import took 0.027535 seconds .

========================================================================
Received Prepare
Shader 'Universal Render Pipeline/Particles/Lit': fallback shader 'Universal Render Pipeline/Particles/SimpleLit' not found
Refreshing native plugins compatible for Editor in 2.06 ms, found 1 plugins.
Preloading 0 native plugins for Editor in 0.00 ms.
Unloading 8 Unused Serialized files (Serialized files now loaded: 0)
System memory in use before: 161.5 MB.
System memory in use after: 161.6 MB.

Unloading 6 unused Assets to reduce memory usage. Loaded Objects now: 3646.
Total: 16.592421 ms (FindLiveObjects: 0.743185 ms CreateObjectMapping: 0.267760 ms MarkObjects: 15.501307 ms  DeleteObjects: 0.078537 ms)

========================================================================
Received Import Request.
  Time since last request: 294.060247 seconds.
  path: Assets/Presets/AudioCompressedInMemory.preset
  artifactKey: Guid(2dd802e4d37c65149922028d3e973832) Importer(815301076,1909f56bfc062723c751e8b465ee728b)
Start importing Assets/Presets/AudioCompressedInMemory.preset using Guid(2dd802e4d37c65149922028d3e973832) Importer(815301076,1909f56bfc062723c751e8b465ee728b)  -> (artifact id: '485072ab9eb2fe458dd83e1cc1bfcaba') in 0.382894 seconds
  Import took 0.423499 seconds .

========================================================================
Received Import Request.
  Time since last request: 0.000789 seconds.
  path: Assets/Presets/AudioStreaming.preset
  artifactKey: Guid(86bcce7f5575b54408aa0f3a7d321039) Importer(815301076,1909f56bfc062723c751e8b465ee728b)
Start importing Assets/Presets/AudioStreaming.preset using Guid(86bcce7f5575b54408aa0f3a7d321039) Importer(815301076,1909f56bfc062723c751e8b465ee728b)  -> (artifact id: 'c4b1d7c5031e049f03f14a168f7ec2d6') in 0.006551 seconds
  Import took 0.012934 seconds .

========================================================================
Received Import Request.
  Time since last request: 0.000260 seconds.
  path: Assets/Presets/NormalTexture.preset
  artifactKey: Guid(14a57cf3b9fa1c74b884aa7e0dcf1faa) Importer(815301076,1909f56bfc062723c751e8b465ee728b)
Start importing Assets/Presets/NormalTexture.preset using Guid(14a57cf3b9fa1c74b884aa7e0dcf1faa) Importer(815301076,1909f56bfc062723c751e8b465ee728b)  -> (artifact id: '3afb494d8d7fdf237fd4b46aa11ed745') in 0.005042 seconds
  Import took 0.010767 seconds .

========================================================================
Received Import Request.
  Time since last request: 0.000219 seconds.
  path: Assets/Presets/UtilityTexture.preset
  artifactKey: Guid(45f7b2e3c78185248b3adbb14429c2ab) Importer(815301076,1909f56bfc062723c751e8b465ee728b)
Start importing Assets/Presets/UtilityTexture.preset using Guid(45f7b2e3c78185248b3adbb14429c2ab) Importer(815301076,1909f56bfc062723c751e8b465ee728b)  -> (artifact id: '72906fba77e477db7b77dd5534ba67f7') in 0.004126 seconds
  Import took 0.009655 seconds .

========================================================================
Received Import Request.
  Time since last request: 0.056655 seconds.
  path: Assets/Physics Materials/FrictionlessInelastic.physicMaterial
  artifactKey: Guid(59e3b022893cb4512bc005bdd8cad0d6) Importer(815301076,1909f56bfc062723c751e8b465ee728b)
Start importing Assets/Physics Materials/FrictionlessInelastic.physicMaterial using Guid(59e3b022893cb4512bc005bdd8cad0d6) Importer(815301076,1909f56bfc062723c751e8b465ee728b)  -> (artifact id: 'c838332d921e3a2e9829c1d49c3eb3be') in 0.166015 seconds
  Import took 0.171594 seconds .

========================================================================
Received Prepare
Shader 'Universal Render Pipeline/Particles/Lit': fallback shader 'Universal Render Pipeline/Particles/SimpleLit' not found
Refreshing native plugins compatible for Editor in 1.96 ms, found 1 plugins.
Preloading 0 native plugins for Editor in 0.00 ms.
Unloading 7 Unused Serialized files (Serialized files now loaded: 0)
System memory in use before: 169.9 MB.
System memory in use after: 170.1 MB.

Unloading 6 unused Assets to reduce memory usage. Loaded Objects now: 3646.
Total: 21.479816 ms (FindLiveObjects: 0.433760 ms CreateObjectMapping: 0.153520 ms MarkObjects: 20.807593 ms  DeleteObjects: 0.084005 ms)

========================================================================
Received Prepare
Shader 'Universal Render Pipeline/Particles/Lit': fallback shader 'Universal Render Pipeline/Particles/SimpleLit' not found
Refreshing native plugins compatible for Editor in 2.03 ms, found 1 plugins.
Preloading 0 native plugins for Editor in 0.00 ms.
Unloading 7 Unused Serialized files (Serialized files now loaded: 0)
System memory in use before: 170.0 MB.
System memory in use after: 170.2 MB.

Unloading 6 unused Assets to reduce memory usage. Loaded Objects now: 3646.
Total: 23.133114 ms (FindLiveObjects: 1.155231 ms CreateObjectMapping: 0.155467 ms MarkObjects: 21.722163 ms  DeleteObjects: 0.098958 ms)

========================================================================
Received Import Request.
  Time since last request: 3132.579170 seconds.
  path: Assets/Prefabs/Cube.prefab
  artifactKey: Guid(b50aba6f03e264ee8b83bf3556bd871a) Importer(815301076,1909f56bfc062723c751e8b465ee728b)
Start importing Assets/Prefabs/Cube.prefab using Guid(b50aba6f03e264ee8b83bf3556bd871a) Importer(815301076,1909f56bfc062723c751e8b465ee728b)  -> (artifact id: '02e6c0f61f946c7e0dfa07b154d66cbd') in 0.230352 seconds
  Import took 0.286766 seconds .

========================================================================
Received Import Request.
  Time since last request: 0.000379 seconds.
  path: Assets/Prefabs/SimObjects.prefab
  artifactKey: Guid(e45db4a1762bd40f8b0a339d5e4f6c66) Importer(815301076,1909f56bfc062723c751e8b465ee728b)
Start importing Assets/Prefabs/SimObjects.prefab using Guid(e45db4a1762bd40f8b0a339d5e4f6c66) Importer(815301076,1909f56bfc062723c751e8b465ee728b)  -> (artifact id: 'e9377576e1f9c7ca99d1afc0838d555f') in 0.038384 seconds
  Import took 0.048992 seconds .

========================================================================
Received Import Request.
  Time since last request: 4.945356 seconds.
  path: Assets/Prefabs/Play.prefab
  artifactKey: Guid(f2192af23d079449ea93333f131c6a43) Importer(815301076,1909f56bfc062723c751e8b465ee728b)
Start importing Assets/Prefabs/Play.prefab using Guid(f2192af23d079449ea93333f131c6a43) Importer(815301076,1909f56bfc062723c751e8b465ee728b)  -> (artifact id: '4043ce18705d8a0d57d7332f5995ec7c') in 0.074720 seconds
  Import took 0.081174 seconds .

========================================================================
Received Import Request.
  Time since last request: 0.015416 seconds.
  path: Assets/Prefabs/Play.prefab
  artifactKey: Guid(f2192af23d079449ea93333f131c6a43) Importer(815301076,1909f56bfc062723c751e8b465ee728b)
Start importing Assets/Prefabs/Play.prefab using Guid(f2192af23d079449ea93333f131c6a43) Importer(815301076,1909f56bfc062723c751e8b465ee728b)  -> (artifact id: '4043ce18705d8a0d57d7332f5995ec7c') in 0.006440 seconds
  Import took 0.012068 seconds .

========================================================================
Received Prepare
Shader 'Universal Render Pipeline/Particles/Lit': fallback shader 'Universal Render Pipeline/Particles/SimpleLit' not found
Refreshing native plugins compatible for Editor in 5.57 ms, found 1 plugins.
Preloading 0 native plugins for Editor in 0.00 ms.
Unloading 7 Unused Serialized files (Serialized files now loaded: 0)
System memory in use before: 171.2 MB.
System memory in use after: 171.3 MB.

Unloading 7 unused Assets to reduce memory usage. Loaded Objects now: 3646.
Total: 27.565885 ms (FindLiveObjects: 1.036044 ms CreateObjectMapping: 0.175846 ms MarkObjects: 25.443609 ms  DeleteObjects: 0.908746 ms)

========================================================================
Received Prepare
Shader 'Universal Render Pipeline/Particles/Lit': fallback shader 'Universal Render Pipeline/Particles/SimpleLit' not found
Refreshing native plugins compatible for Editor in 1.26 ms, found 1 plugins.
Preloading 0 native plugins for Editor in 0.00 ms.
Unloading 7 Unused Serialized files (Serialized files now loaded: 0)
System memory in use before: 171.3 MB.
System memory in use after: 171.5 MB.

Unloading 6 unused Assets to reduce memory usage. Loaded Objects now: 3646.
Total: 22.736733 ms (FindLiveObjects: 1.007601 ms CreateObjectMapping: 0.144174 ms MarkObjects: 21.474815 ms  DeleteObjects: 0.108993 ms)

========================================================================
Received Import Request.
  Time since last request: 583.945466 seconds.
  path: Assets/Prefabs/AR Default Plane.prefab
  artifactKey: Guid(e2b0b9f0d28b54760bffaff37f9b553a) Importer(815301076,1909f56bfc062723c751e8b465ee728b)
Start importing Assets/Prefabs/AR Default Plane.prefab using Guid(e2b0b9f0d28b54760bffaff37f9b553a) Importer(815301076,1909f56bfc062723c751e8b465ee728b)  -> (artifact id: '11446fa7da66a8757e86922f9179fb8b') in 0.037138 seconds
  Import took 0.078695 seconds .

