
=== Sun Jan 17 18:23:46 2021

Packages were changed.
Update Mode: updateDependencies

The following packages were updated:
  com.unity.ide.rider from version 1.2.1 to 2.0.7
  com.unity.ide.visualstudio from version 2.0.2 to 2.0.5
  com.unity.ide.vscode from version 1.2.2 to 1.2.3
  com.unity.render-pipelines.universal from version 8.2.0 to 10.2.2
  com.unity.test-framework from version 1.1.16 to 1.1.19
  com.unity.xr.arcore from version 3.1.7 to 4.0.9
  com.unity.xr.arfoundation from version 3.1.5 to 4.0.9
  com.unity.xr.arkit from version 3.1.7 to 4.0.9

=== Sat Jul 17 19:47:37 2021

Packages were changed.
Update Mode: updateDependencies

The following packages were updated:
  com.unity.collab-proxy from version 1.3.9 to 1.5.7
  com.unity.ide.visualstudio from version 2.0.5 to 2.0.8
  com.unity.render-pipelines.universal from version 8.3.1 to 10.5.0
  com.unity.test-framework from version 1.1.19 to 1.1.24
  com.unity.textmeshpro from version 3.0.1 to 3.0.6
  com.unity.timeline from version 1.3.5 to 1.4.8
  com.unity.xr.arcore from version 4.0.9 to 4.1.7
  com.unity.xr.arfoundation from version 4.0.9 to 4.1.7
  com.unity.xr.arkit from version 4.0.9 to 4.1.7
  com.unity.xr.management from version 3.2.13 to 4.0.1
